=================================================================================
Results of the parameter estimation with BYOM version 6.3 (22/08/2022)
=================================================================================
   Filename      : byom_stddebtktd_Daphnia_CAL4_ctrl 
   Analysis date : 08-Dec-2022 (18:05) 
   Data entered  :
     data state 1(1): 0x0, no data.
     data state 1(2): 0x0, no data.
     data state 1(3): 0x0, no data.
     data state 2(1): 0x0, no data.
     data state 2(2): 0x0, no data.
     data state 2(3): 0x0, no data.
     data state 3(1): 4x50, continuous data, no transf.
     data state 3(2): 4x50, continuous data, no transf.
     data state 3(3): 1x20, continuous data, no transf.
     data state 4(1): 22x50, continuous data, no transf.
     data state 4(2): 22x50, continuous data, no transf.
     data state 4(3): 22x20, continuous data, no transf.
     data state 5(1): 0x0, no data.
     data state 5(2): 0x0, no data.
     data state 5(3): 0x0, no data.
     data state 6(1): 0x0, no data.
     data state 6(2): 0x0, no data.
     data state 6(3): 0x0, no data.
   Search method: Nelder-Mead simplex direct search, 2 rounds. 
     The optimisation routine has converged to a solution
     Total 193 simplex iterations used to optimise. 
     Minus log-likelihood has reached the value 7079.93 (AIC=14169.86). 
=================================================================================
TA           6400 (fit: 0, initial: 6400) 
spAm        313.2 (fit: 0, initial: 313.2) 
spM          1200 (fit: 0, initial: 1200) 
spT             0 (fit: 0, initial:  0) 
kJ         0.2537 (fit: 0, initial: 0.2537) 
EG           4400 (fit: 0, initial: 4400) 
EHb       0.04910 (fit: 1, initial: 0.04904) 
EHj             0 (fit: 0, initial:  0) 
EHp         1.078 (fit: 1, initial: 1.081) 
v           1.000 (fit: 1, initial:  1) 
kap        0.5200 (fit: 1, initial: 0.52) 
kapR         0.95 (fit: 0, initial: 0.95) 
f               1 (fit: 0, initial:  1) 
hb       0.001608 (fit: 0, initial: 0.001608) 
a               1 (fit: 0, initial:  1) 
f1              1 (fit: 0, initial:  1) 
f2         0.8425 (fit: 1, initial: 0.8428) 
kd           0.08 (fit: 0, initial: 0.08) 
zb            0.1 (fit: 0, initial: 0.1) 
bb             72 (fit: 0, initial: 72) 
zs           0.24 (fit: 0, initial: 0.24) 
bs           0.64 (fit: 0, initial: 0.64) 
=================================================================================
Mode of action used: 1  1  0  0  0
Feedbacks used     : 0  0  0  1
=================================================================================
Time required: 10 mins, 1.1 secs
